<?xml version="1.0" encoding="UTF-8"?>
<!-- Generated by org.testng.reporters.JUnitReportReporter -->
<testsuite hostname="DESKTOP-R3O90SV" failures="0" tests="8" name="Features.SauceDemoLoginTest" time="8.922" errors="0" timestamp="2024-03-24T19:53:05 IST" skipped="0">
  <testcase classname="Features.SauceDemoLoginTest" name="loginTest" time="0.394"/>
  <testcase classname="Features.SauceDemoLoginTest" name="loginTest" time="0.389"/>
  <testcase classname="Features.SauceDemoLoginTest" name="loginTest" time="0.434"/>
  <testcase classname="Features.SauceDemoLoginTest" name="loginTest" time="1.034"/>
  <testcase classname="Features.SauceDemoLoginTest" name="loginTest" time="0.478"/>
  <testcase classname="Features.SauceDemoLoginTest" name="loginTest" time="5.413"/>
  <testcase classname="Features.SauceDemoLoginTest" name="loginTest" time="0.420"/>
  <testcase classname="Features.SauceDemoLoginTest" name="loginTest" time="0.360"/>
</testsuite> <!-- Features.SauceDemoLoginTest -->
