<?xml version="1.0" encoding="UTF-8"?>
<!-- Generated by org.testng.reporters.JUnitReportReporter -->
<testsuite hostname="DESKTOP-R3O90SV" failures="0" tests="6" name="Features.TestNGDataProviderExample" time="8.444" errors="0" timestamp="2024-03-24T19:12:27 IST" skipped="0">
  <testcase classname="Features.TestNGDataProviderExample" name="testLogin" time="5.432"/>
  <testcase classname="Features.TestNGDataProviderExample" name="testLogin" time="0.428"/>
  <testcase classname="Features.TestNGDataProviderExample" name="testLogin" time="1.281"/>
  <testcase classname="Features.TestNGDataProviderExample" name="testLogin" time="0.483"/>
  <testcase classname="Features.TestNGDataProviderExample" name="testLogin" time="0.416"/>
  <testcase classname="Features.TestNGDataProviderExample" name="testLogin" time="0.404"/>
</testsuite> <!-- Features.TestNGDataProviderExample -->
